2018-05-03 16:03:53,501 TURTLE CODE STARTED
2018-05-03 16:03:53,520 INTERVAL_960_980
2018-05-03 16:03:53,521 Recording Time: 1200
2018-05-03 16:03:53,529 Video: 1640x922 Frame: 25 Rotate: 180 GPS: 120s
2018-05-03 16:06:17,000 TURTLE CODE STARTED
2018-05-03 16:06:17,021 INTERVAL_960_980
2018-05-03 16:06:17,022 Recording Time: 1200
2018-05-03 16:06:17,030 Video: 1640x922 Frame: 25 Rotate: 180 GPS: 120s
2018-05-03 16:06:28,895 CAMERA RECORDING STARTED
2018-05-03 16:06:54,569 Sleep command recieved.
2018-05-03 16:06:54,574 CAMERA RECORDING FINISHED
2018-05-03 16:06:54,651 EXIT MAIN CODE
2018-05-03 16:11:10,293 TURTLE CODE STARTED
2018-05-03 16:11:10,314 INTERVAL_975_980
2018-05-03 16:11:10,315 Recording Time: 300
2018-05-03 16:11:10,323 Video: 1640x922 Frame: 25 Rotate: 180 GPS: 120s
2018-05-03 16:11:17,160 CAMERA RECORDING STARTED
2018-05-03 16:11:17,176 Sleep command recieved.
2018-05-03 16:11:17,180 CAMERA RECORDING FINISHED
2018-05-03 16:11:17,242 EXIT MAIN CODE
2018-05-03 16:17:11,395 TURTLE CODE STARTED
2018-05-03 16:17:11,415 INTERVAL_975_980
2018-05-03 16:17:11,416 Recording Time: 300
2018-05-03 16:17:11,424 Video: 1640x922 Frame: 25 Rotate: 180 GPS: 120s
2018-05-03 16:17:23,292 CAMERA RECORDING STARTED
2018-05-03 16:19:31,591 Start: 975 Now: 979 End: 980
2018-05-03 16:21:00,250 Sleep command recieved.
2018-05-03 16:21:00,254 CAMERA RECORDING FINISHED
2018-05-03 16:21:00,309 EXIT MAIN CODE
2018-05-03 16:26:58,446 TURTLE CODE STARTED
2018-05-03 16:26:58,467 INTERVAL_990_995
2018-05-03 16:26:58,468 Recording Time: 300
2018-05-03 16:26:58,476 Video: 1640x922 Frame: 25 Rotate: 180 GPS: 120s
2018-05-03 16:27:05,313 CAMERA RECORDING STARTED
2018-05-03 16:27:05,328 Sleep command recieved.
2018-05-03 16:27:05,332 CAMERA RECORDING FINISHED
2018-05-03 16:27:05,389 EXIT MAIN CODE
2018-05-03 16:32:11,572 TURTLE CODE STARTED
2018-05-03 16:32:11,593 INTERVAL_990_995
2018-05-03 16:32:11,594 Recording Time: 300
2018-05-03 16:32:11,602 Video: 1640x922 Frame: 25 Rotate: 180 GPS: 120s
2018-05-03 16:32:23,465 CAMERA RECORDING STARTED
2018-05-03 16:34:31,758 Start: 990 Now: 994 End: 995
2018-05-03 16:36:00,321 Sleep command recieved.
2018-05-03 16:36:00,325 CAMERA RECORDING FINISHED
2018-05-03 16:36:00,764 EXIT MAIN CODE
2018-05-03 16:37:28,823 TURTLE CODE STARTED
2018-05-03 16:37:28,843 INTERVAL_360_1080
2018-05-03 16:37:28,843 Recording Time: 43200
2018-05-03 16:37:28,851 Video: 1640x922 Frame: 25 Rotate: 180 GPS: 120s
2018-05-03 16:37:42,890 WARNING: Serial not responding
2018-05-03 16:37:54,925 WARNING: Serial not responding
2018-05-03 16:38:07,459 WARNING: Serial not responding
2018-05-03 16:38:21,991 WARNING: Serial not responding
2018-05-03 16:38:22,681 CAMERA RECORDING STARTED
2018-05-03 16:40:36,934 WARNING: Serial not responding
2018-05-03 16:40:48,960 WARNING: Serial not responding
2018-05-03 16:42:51,203 WARNING: Serial not responding
2018-05-03 16:43:03,229 WARNING: Serial not responding
2018-05-03 16:45:05,475 WARNING: Serial not responding
2018-05-03 16:45:17,501 WARNING: Serial not responding
2018-05-03 16:47:19,737 WARNING: Serial not responding
2018-05-03 16:47:31,764 WARNING: Serial not responding
2018-05-03 16:49:33,995 WARNING: Serial not responding
2018-05-03 16:49:46,021 WARNING: Serial not responding
2018-05-03 16:51:48,272 WARNING: Serial not responding
2018-05-03 16:52:00,297 WARNING: Serial not responding
2018-05-03 16:54:02,539 WARNING: Serial not responding
2018-05-03 16:54:14,564 WARNING: Serial not responding
2018-05-03 16:56:16,815 WARNING: Serial not responding
2018-05-03 16:56:28,839 WARNING: Serial not responding
2018-05-03 16:58:31,088 WARNING: Serial not responding
2018-05-03 16:58:43,114 WARNING: Serial not responding
2018-05-03 17:00:45,357 WARNING: Serial not responding
2018-05-03 17:00:57,381 WARNING: Serial not responding
2018-05-03 17:02:59,628 WARNING: Serial not responding
2018-05-03 17:03:11,653 WARNING: Serial not responding
2018-05-03 17:05:13,902 WARNING: Serial not responding
2018-05-03 17:05:25,936 WARNING: Serial not responding
2018-05-03 17:07:45,213 TURTLE CODE STARTED
2018-05-03 17:07:45,224 [Errno 2] No such file or directory: '/home/pi/Turtle/RPI/USB/mission.txt'
2018-05-03 17:07:45,224 INTERVAL_300_1140
2018-05-03 17:07:45,225 Recording Time: 50400
2018-05-03 17:07:45,233 Video: 1640x922 Frame: 25 Rotate: 180 GPS: 120s
2018-05-03 17:07:59,272 WARNING: Serial not responding
2018-05-03 17:08:11,307 WARNING: Serial not responding
2018-05-03 17:08:23,840 WARNING: Serial not responding
2018-05-03 17:08:38,374 WARNING: Serial not responding
2018-05-03 17:08:39,107 CAMERA RECORDING STARTED
2018-05-03 17:10:53,381 WARNING: Serial not responding
2018-05-03 17:11:05,407 WARNING: Serial not responding
2018-05-03 17:13:08,087 WARNING: Serial not responding
2018-05-03 17:13:20,112 WARNING: Serial not responding
2018-05-03 17:15:22,355 WARNING: Serial not responding
2018-05-03 17:15:34,380 WARNING: Serial not responding
2018-05-03 17:17:35,883 WARNING: Serial not responding
2018-05-03 17:17:47,907 WARNING: Serial not responding
2018-05-03 17:19:50,150 WARNING: Serial not responding
2018-05-03 17:20:02,174 WARNING: Serial not responding
2018-05-03 17:22:03,318 WARNING: Serial not responding
2018-05-03 17:22:15,343 WARNING: Serial not responding
2018-05-03 17:24:16,696 WARNING: Serial not responding
2018-05-03 17:24:28,720 WARNING: Serial not responding
2018-05-03 17:26:31,318 WARNING: Serial not responding
2018-05-03 17:26:43,344 WARNING: Serial not responding
2018-05-03 17:28:45,588 WARNING: Serial not responding
2018-05-03 17:28:57,613 WARNING: Serial not responding
2018-05-03 17:30:59,334 WARNING: Serial not responding
2018-05-03 17:31:13,361 WARNING: Serial not responding
2018-05-03 17:33:13,600 WARNING: Serial not responding
2018-05-03 17:33:27,628 WARNING: Serial not responding
2018-05-03 17:18:05,377 TURTLE CODE STARTED
2018-05-03 17:18:05,398 INTERVAL_360_1080
2018-05-03 17:18:05,399 Recording Time: 43200
2018-05-03 17:18:05,406 Video: 1640x922 Frame: 25 Rotate: 180 GPS: 120s
2018-05-04 13:25:02,756 CAMERA RECORDING STARTED
2018-05-04 13:27:11,055 Start: 360 Now: 807 End: 1080
2018-05-04 13:29:15,332 Start: 360 Now: 809 End: 1080
2018-05-04 13:31:19,626 Start: 360 Now: 811 End: 1080
2018-05-04 13:33:23,925 Start: 360 Now: 813 End: 1080
2018-05-04 13:35:28,211 Start: 360 Now: 815 End: 1080
2018-05-04 13:36:39,277 Sleep command recieved.
2018-05-04 13:36:39,281 CAMERA RECORDING FINISHED
2018-05-04 13:36:39,361 EXIT MAIN CODE
2018-05-04 13:38:05,509 TURTLE CODE STARTED
2018-05-04 13:38:05,529 INTERVAL_15_20
2018-05-04 13:38:05,530 Recording Time: 300
2018-05-04 13:38:05,538 Video: 1640x922 Frame: 25 Rotate: 180 GPS: 120s
2018-05-04 13:38:19,575 WARNING: Serial not responding
2018-05-04 13:38:31,609 WARNING: Serial not responding
2018-05-04 13:38:44,141 WARNING: Serial not responding
2018-05-04 13:38:58,678 WARNING: Serial not responding
2018-05-04 13:38:59,423 CAMERA RECORDING STARTED
2018-05-04 13:41:13,697 WARNING: Serial not responding
2018-05-04 13:41:25,722 WARNING: Serial not responding
2018-05-04 13:43:27,964 WARNING: Serial not responding
2018-05-04 13:43:39,989 WARNING: Serial not responding
2018-05-04 13:44:00,038 CAMERA RECORDING FINISHED
2018-05-04 13:44:00,289 EXIT MAIN CODE
2018-05-04 13:45:26,574 TURTLE CODE STARTED
2018-05-04 13:45:26,595 INTERVAL_0_0
2018-05-04 13:45:26,596 Recording Time: 0
2018-05-04 13:45:26,604 Video: 1640x922 Frame: 25 Rotate: 180 GPS: 120s
2018-05-04 13:45:40,643 WARNING: Serial not responding
2018-05-04 13:45:52,679 WARNING: Serial not responding
2018-05-04 13:46:05,212 WARNING: Serial not responding
2018-05-04 13:46:19,745 WARNING: Serial not responding
2018-05-04 13:46:20,439 CAMERA RECORDING STARTED
2018-05-04 13:46:20,445 CAMERA RECORDING FINISHED
2018-05-04 13:46:20,490 EXIT MAIN CODE
2018-05-04 13:47:45,504 TURTLE CODE STARTED
2018-05-04 13:47:45,525 INTERVAL_1_1439
2018-05-04 13:47:45,526 Recording Time: 86280
2018-05-04 13:47:45,534 Video: 1640x922 Frame: 25 Rotate: 180 GPS: 120s
2018-05-04 13:47:59,573 WARNING: Serial not responding
2018-05-04 13:48:11,608 WARNING: Serial not responding
2018-05-04 13:48:24,141 WARNING: Serial not responding
2018-05-04 13:48:38,675 WARNING: Serial not responding
2018-05-04 13:48:39,419 CAMERA RECORDING STARTED
2018-05-04 13:50:53,699 WARNING: Serial not responding
2018-05-04 13:51:05,725 WARNING: Serial not responding
2018-05-04 13:53:07,979 WARNING: Serial not responding
2018-05-04 13:53:20,005 WARNING: Serial not responding
2018-05-04 13:55:22,255 WARNING: Serial not responding
2018-05-04 13:55:34,281 WARNING: Serial not responding
2018-05-04 13:57:36,521 WARNING: Serial not responding
2018-05-04 13:57:48,547 WARNING: Serial not responding
2018-05-04 13:47:48,805 TURTLE CODE STARTED
2018-05-04 13:47:48,826 INTERVAL_1_1439
2018-05-04 13:47:48,827 Recording Time: 86280
2018-05-04 13:47:48,835 Video: 1640x922 Frame: 25 Rotate: 180 GPS: 120s
2018-05-04 13:48:02,874 WARNING: Serial not responding
2018-05-04 13:48:14,909 WARNING: Serial not responding
2018-05-04 13:48:27,442 WARNING: Serial not responding
2018-05-04 13:48:41,975 WARNING: Serial not responding
2018-05-04 13:48:42,666 CAMERA RECORDING STARTED
2018-05-04 13:50:56,944 WARNING: Serial not responding
2018-05-04 13:51:08,969 WARNING: Serial not responding
2018-05-04 13:53:11,218 WARNING: Serial not responding
2018-05-04 13:53:23,244 WARNING: Serial not responding
2018-05-04 13:55:25,479 WARNING: Serial not responding
2018-05-04 13:55:37,504 WARNING: Serial not responding
2018-05-04 13:57:39,756 WARNING: Serial not responding
2018-05-04 13:57:51,779 WARNING: Serial not responding
2018-05-04 13:47:48,647 TURTLE CODE STARTED
2018-05-04 13:47:48,668 INTERVAL_590_598
2018-05-04 13:47:48,669 Recording Time: 480
2018-05-04 13:47:48,678 Video: 1640x922 Frame: 25 Rotate: 180 GPS: 120s
2018-05-04 13:48:02,717 WARNING: Serial not responding
2018-05-04 13:48:14,753 WARNING: Serial not responding
2018-05-04 13:48:27,286 WARNING: Serial not responding
2018-05-04 13:48:41,820 WARNING: Serial not responding
2018-05-04 13:48:42,566 CAMERA RECORDING STARTED
2018-05-04 13:50:56,836 WARNING: Serial not responding
2018-05-04 13:51:08,862 WARNING: Serial not responding
2018-05-04 13:53:11,111 WARNING: Serial not responding
2018-05-04 13:53:23,139 WARNING: Serial not responding
2018-05-04 13:55:25,380 WARNING: Serial not responding
2018-05-04 13:55:37,404 WARNING: Serial not responding
2018-05-04 13:56:43,541 CAMERA RECORDING FINISHED
2018-05-04 13:56:43,625 EXIT MAIN CODE
